18:23:43.943 [main] INFO  testCases.TC002_LoginTest - **starting TC002_LoginTest **
18:23:45.691 [main] INFO  testCases.TC002_LoginTest - ****Tc_02_LoginTestCase completed****
19:01:17.135 [main] WARN  org.testng.xml.TestNGContentHandler - It is strongly recommended to add "<!DOCTYPE suite SYSTEM "https://testng.org/testng-1.1.dtd" >" at the top of the suite file [C:\Users\Administrator\eclipse-workspace\Opencartv1.2.1\master.xml] otherwise TestNG may fail or not work as expected.
19:01:25.476 [main] INFO  testCases.TC001_AccountRegistrationTest - starting TC001_AccountRegistrationTest
19:01:25.751 [main] INFO  testCases.TC001_AccountRegistrationTest - clicked on myaccount
19:01:27.177 [main] INFO  testCases.TC001_AccountRegistrationTest - clicked on registration
19:01:27.180 [main] INFO  testCases.TC001_AccountRegistrationTest - providing customer details
19:01:29.132 [main] INFO  testCases.TC001_AccountRegistrationTest - validating expected message
19:01:29.217 [main] INFO  testCases.TC001_AccountRegistrationTest - finished test case AccountRegistrationTest
19:01:31.245 [main] INFO  testCases.TC002_LoginTest - **starting TC002_LoginTest **
19:01:32.861 [main] INFO  testCases.TC002_LoginTest - ****Tc_02_LoginTestCase completed****
19:08:47.633 [main] WARN  org.testng.xml.TestNGContentHandler - It is strongly recommended to add "<!DOCTYPE suite SYSTEM "https://testng.org/testng-1.1.dtd" >" at the top of the suite file [C:\Users\Administrator\eclipse-workspace\Opencartv1.2.1\master.xml] otherwise TestNG may fail or not work as expected.
19:08:53.523 [main] INFO  testCases.TC001_AccountRegistrationTest - starting TC001_AccountRegistrationTest
19:08:54.076 [main] INFO  testCases.TC001_AccountRegistrationTest - clicked on myaccount
19:08:56.342 [main] INFO  testCases.TC001_AccountRegistrationTest - clicked on registration
19:08:56.347 [main] INFO  testCases.TC001_AccountRegistrationTest - providing customer details
19:08:58.380 [main] INFO  testCases.TC001_AccountRegistrationTest - validating expected message
19:08:58.475 [main] INFO  testCases.TC001_AccountRegistrationTest - finished test case AccountRegistrationTest
19:09:00.979 [main] INFO  testCases.TC002_LoginTest - **starting TC002_LoginTest **
19:09:04.118 [main] INFO  testCases.TC002_LoginTest - ****Tc_02_LoginTestCase completed****
