19:41:56.503 [main] INFO  testCases.TC001_AccountRegistrationTest - starting TC001_AccountRegistrationTest
19:41:56.535 [main] ERROR testCases.TC001_AccountRegistrationTest - Test failed
19:46:39.520 [main] WARN  org.testng.xml.TestNGContentHandler - It is strongly recommended to add "<!DOCTYPE suite SYSTEM "https://testng.org/testng-1.1.dtd" >" at the top of the suite file [C:\Users\Administrator\eclipse-workspace\Opencartv1.2.1\test-output\grid-docker.xml] otherwise TestNG may fail or not work as expected.
19:46:39.889 [main] INFO  org.testng.internal.Utils - [TestNG] Running:
  C:\Users\Administrator\eclipse-workspace\Opencartv1.2.1\test-output\grid-docker.xml

19:46:40.167 [main] INFO  testCases.TC001_AccountRegistrationTest - starting TC001_AccountRegistrationTest
19:46:40.187 [main] ERROR testCases.TC001_AccountRegistrationTest - Test failed
20:01:08.249 [main] WARN  org.testng.xml.TestNGContentHandler - It is strongly recommended to add "<!DOCTYPE suite SYSTEM "https://testng.org/testng-1.1.dtd" >" at the top of the suite file [C:\Users\Administrator\eclipse-workspace\Opencartv1.2.1\test-output\grid-docker.xml] otherwise TestNG may fail or not work as expected.
20:01:08.577 [main] INFO  org.testng.internal.Utils - [TestNG] Running:
  C:\Users\Administrator\eclipse-workspace\Opencartv1.2.1\test-output\grid-docker.xml

20:01:14.773 [main] INFO  testCases.TC001_AccountRegistrationTest - starting TC001_AccountRegistrationTest
20:01:15.285 [main] INFO  testCases.TC001_AccountRegistrationTest - clicked on myaccount
20:01:15.883 [main] INFO  testCases.TC001_AccountRegistrationTest - clicked on registration
20:01:15.885 [main] INFO  testCases.TC001_AccountRegistrationTest - providing customer details
20:01:18.286 [main] INFO  testCases.TC001_AccountRegistrationTest - validating expected message
20:01:18.395 [main] INFO  testCases.TC001_AccountRegistrationTest - finished test case AccountRegistrationTest
20:01:20.823 [main] INFO  testCases.TC002_LoginTest - **starting TC002_LoginTest **
20:01:22.498 [main] INFO  testCases.TC002_LoginTest - ****Tc_02_LoginTestCase completed****
20:02:03.947 [main] WARN  org.testng.xml.TestNGContentHandler - It is strongly recommended to add "<!DOCTYPE suite SYSTEM "https://testng.org/testng-1.1.dtd" >" at the top of the suite file [C:\Users\Administrator\eclipse-workspace\Opencartv1.2.1\test-output\grid-docker.xml] otherwise TestNG may fail or not work as expected.
20:02:04.474 [main] INFO  org.testng.internal.Utils - [TestNG] Running:
  C:\Users\Administrator\eclipse-workspace\Opencartv1.2.1\test-output\grid-docker.xml

20:02:07.354 [main] INFO  testCases.TC001_AccountRegistrationTest - starting TC001_AccountRegistrationTest
20:02:07.542 [main] INFO  testCases.TC001_AccountRegistrationTest - clicked on myaccount
20:02:08.084 [main] INFO  testCases.TC001_AccountRegistrationTest - clicked on registration
20:02:08.087 [main] INFO  testCases.TC001_AccountRegistrationTest - providing customer details
20:02:10.113 [main] INFO  testCases.TC001_AccountRegistrationTest - validating expected message
20:02:10.201 [main] INFO  testCases.TC001_AccountRegistrationTest - finished test case AccountRegistrationTest
20:02:12.257 [main] INFO  testCases.TC002_LoginTest - **starting TC002_LoginTest **
20:02:14.415 [main] INFO  testCases.TC002_LoginTest - ****Tc_02_LoginTestCase completed****
20:02:22.865 [main] INFO  testCases.TC001_AccountRegistrationTest - starting TC001_AccountRegistrationTest
20:02:23.093 [main] INFO  testCases.TC001_AccountRegistrationTest - clicked on myaccount
20:02:23.781 [main] INFO  testCases.TC001_AccountRegistrationTest - clicked on registration
20:02:23.782 [main] INFO  testCases.TC001_AccountRegistrationTest - providing customer details
20:02:25.345 [main] INFO  testCases.TC001_AccountRegistrationTest - validating expected message
20:02:25.392 [main] INFO  testCases.TC001_AccountRegistrationTest - finished test case AccountRegistrationTest
20:02:32.128 [main] INFO  testCases.TC002_LoginTest - **starting TC002_LoginTest **
20:02:33.618 [main] INFO  testCases.TC002_LoginTest - ****Tc_02_LoginTestCase completed****
18:23:31.502 [main] WARN  org.testng.xml.TestNGContentHandler - It is strongly recommended to add "<!DOCTYPE suite SYSTEM "https://testng.org/testng-1.1.dtd" >" at the top of the suite file [C:\Users\Administrator\eclipse-workspace\Opencartv1.2.1\master.xml] otherwise TestNG may fail or not work as expected.
18:23:38.502 [main] INFO  testCases.TC001_AccountRegistrationTest - starting TC001_AccountRegistrationTest
18:23:38.819 [main] INFO  testCases.TC001_AccountRegistrationTest - clicked on myaccount
18:23:39.477 [main] INFO  testCases.TC001_AccountRegistrationTest - clicked on registration
18:23:39.482 [main] INFO  testCases.TC001_AccountRegistrationTest - providing customer details
18:23:41.575 [main] INFO  testCases.TC001_AccountRegistrationTest - validating expected message
18:23:41.655 [main] INFO  testCases.TC001_AccountRegistrationTest - finished test case AccountRegistrationTest
