19:22:07.726 [main] INFO  testCases.TC002_LoginTest - ****Tc_02_LoginTestCase completed****
19:30:06.420 [main] WARN  org.testng.xml.TestNGContentHandler - It is strongly recommended to add "<!DOCTYPE suite SYSTEM "https://testng.org/testng-1.1.dtd" >" at the top of the suite file [C:\Users\Administrator\eclipse-workspace\Opencartv1.2.1\test-output\grid-docker.xml] otherwise TestNG may fail or not work as expected.
19:30:06.759 [main] INFO  org.testng.internal.Utils - [TestNG] Running:
  C:\Users\Administrator\eclipse-workspace\Opencartv1.2.1\test-output\grid-docker.xml

19:30:12.191 [main] INFO  testCases.TC001_AccountRegistrationTest - starting TC001_AccountRegistrationTest
19:30:12.493 [main] INFO  testCases.TC001_AccountRegistrationTest - clicked on myaccount
19:30:13.741 [main] INFO  testCases.TC001_AccountRegistrationTest - clicked on registration
19:30:13.744 [main] INFO  testCases.TC001_AccountRegistrationTest - providing customer details
19:30:18.396 [main] INFO  testCases.TC001_AccountRegistrationTest - validating expected message
19:30:18.510 [main] INFO  testCases.TC001_AccountRegistrationTest - finished test case AccountRegistrationTest
19:30:21.592 [main] INFO  testCases.TC002_LoginTest - **starting TC002_LoginTest **
19:30:24.457 [main] INFO  testCases.TC002_LoginTest - ****Tc_02_LoginTestCase completed****
19:32:06.515 [main] WARN  org.testng.xml.TestNGContentHandler - It is strongly recommended to add "<!DOCTYPE suite SYSTEM "https://testng.org/testng-1.1.dtd" >" at the top of the suite file [C:\Users\Administrator\eclipse-workspace\Opencartv1.2.1\test-output\grid-docker.xml] otherwise TestNG may fail or not work as expected.
19:32:06.892 [main] INFO  org.testng.internal.Utils - [TestNG] Running:
  C:\Users\Administrator\eclipse-workspace\Opencartv1.2.1\test-output\grid-docker.xml

19:32:10.414 [main] INFO  testCases.TC001_AccountRegistrationTest - starting TC001_AccountRegistrationTest
19:32:10.705 [main] INFO  testCases.TC001_AccountRegistrationTest - clicked on myaccount
19:32:11.215 [main] INFO  testCases.TC001_AccountRegistrationTest - clicked on registration
19:32:11.217 [main] INFO  testCases.TC001_AccountRegistrationTest - providing customer details
19:32:13.588 [main] INFO  testCases.TC001_AccountRegistrationTest - validating expected message
19:32:13.647 [main] INFO  testCases.TC001_AccountRegistrationTest - finished test case AccountRegistrationTest
19:32:16.185 [main] INFO  testCases.TC002_LoginTest - **starting TC002_LoginTest **
19:32:17.985 [main] INFO  testCases.TC002_LoginTest - ****Tc_02_LoginTestCase completed****
19:39:12.839 [main] WARN  org.testng.xml.TestNGContentHandler - It is strongly recommended to add "<!DOCTYPE suite SYSTEM "https://testng.org/testng-1.1.dtd" >" at the top of the suite file [C:\Users\Administrator\eclipse-workspace\Opencartv1.2.1\test-output\grid-docker.xml] otherwise TestNG may fail or not work as expected.
19:39:13.450 [main] INFO  org.testng.internal.Utils - [TestNG] Running:
  C:\Users\Administrator\eclipse-workspace\Opencartv1.2.1\test-output\grid-docker.xml

19:39:16.394 [main] INFO  testCases.TC001_AccountRegistrationTest - starting TC001_AccountRegistrationTest
19:39:16.565 [main] INFO  testCases.TC001_AccountRegistrationTest - clicked on myaccount
19:39:17.145 [main] INFO  testCases.TC001_AccountRegistrationTest - clicked on registration
19:39:17.148 [main] INFO  testCases.TC001_AccountRegistrationTest - providing customer details
19:39:18.753 [main] INFO  testCases.TC001_AccountRegistrationTest - validating expected message
19:39:18.823 [main] INFO  testCases.TC001_AccountRegistrationTest - finished test case AccountRegistrationTest
19:39:21.616 [main] INFO  testCases.TC002_LoginTest - **starting TC002_LoginTest **
19:39:23.373 [main] INFO  testCases.TC002_LoginTest - ****Tc_02_LoginTestCase completed****
19:40:33.102 [main] WARN  org.testng.xml.TestNGContentHandler - It is strongly recommended to add "<!DOCTYPE suite SYSTEM "https://testng.org/testng-1.1.dtd" >" at the top of the suite file [C:\Users\Administrator\eclipse-workspace\Opencartv1.2.1\test-output\grid-docker.xml] otherwise TestNG may fail or not work as expected.
19:40:33.556 [main] INFO  org.testng.internal.Utils - [TestNG] Running:
  C:\Users\Administrator\eclipse-workspace\Opencartv1.2.1\test-output\grid-docker.xml

19:40:33.879 [main] INFO  testCases.TC001_AccountRegistrationTest - starting TC001_AccountRegistrationTest
19:40:33.904 [main] ERROR testCases.TC001_AccountRegistrationTest - Test failed
19:41:55.892 [main] WARN  org.testng.xml.TestNGContentHandler - It is strongly recommended to add "<!DOCTYPE suite SYSTEM "https://testng.org/testng-1.1.dtd" >" at the top of the suite file [C:\Users\Administrator\eclipse-workspace\Opencartv1.2.1\test-output\grid-docker.xml] otherwise TestNG may fail or not work as expected.
19:41:56.229 [main] INFO  org.testng.internal.Utils - [TestNG] Running:
  C:\Users\Administrator\eclipse-workspace\Opencartv1.2.1\test-output\grid-docker.xml

